This is pdfTeX, Version 3.14159265-2.6-1.40.17 (TeX Live 2016) (preloaded format=pdflatex 2016.5.22)  9 OCT 2017 19:21
entering extended mode
 restricted \write18 enabled.
 %&-line parsing enabled.
**report.tex
(./report.tex
LaTeX2e <2016/03/31>
Babel <3.9r> and hyphenation patterns for 83 language(s) loaded.
(/usr/local/texlive/2016/texmf-dist/tex/latex/base/article.cls
Document Class: article 2014/09/29 v1.4h Standard LaTeX document class
(/usr/local/texlive/2016/texmf-dist/tex/latex/base/size10.clo
File: size10.clo 2014/09/29 v1.4h Standard LaTeX file (size option)
)
\c@part=\count79
\c@section=\count80
\c@subsection=\count81
\c@subsubsection=\count82
\c@paragraph=\count83
\c@subparagraph=\count84
\c@figure=\count85
\c@table=\count86
\abovecaptionskip=\skip41
\belowcaptionskip=\skip42
\bibindent=\dimen102
)
(/usr/local/texlive/2016/texmf-dist/tex/latex/graphics/graphicx.sty
Package: graphicx 2014/10/28 v1.0g Enhanced LaTeX Graphics (DPC,SPQR)

(/usr/local/texlive/2016/texmf-dist/tex/latex/graphics/keyval.sty
Package: keyval 2014/10/28 v1.15 key=value parser (DPC)
\KV@toks@=\toks14
)
(/usr/local/texlive/2016/texmf-dist/tex/latex/graphics/graphics.sty
Package: graphics 2016/05/09 v1.0r Standard LaTeX Graphics (DPC,SPQR)

(/usr/local/texlive/2016/texmf-dist/tex/latex/graphics/trig.sty
Package: trig 2016/01/03 v1.10 sin cos tan (DPC)
)
(/usr/local/texlive/2016/texmf-dist/tex/latex/graphics-cfg/graphics.cfg
File: graphics.cfg 2016/01/02 v1.10 sample graphics configuration
)
Package graphics Info: Driver file: pdftex.def on input line 96.

(/usr/local/texlive/2016/texmf-dist/tex/latex/pdftex-def/pdftex.def
File: pdftex.def 2011/05/27 v0.06d Graphics/color for pdfTeX

(/usr/local/texlive/2016/texmf-dist/tex/generic/oberdiek/infwarerr.sty
Package: infwarerr 2016/05/16 v1.4 Providing info/warning/error messages (HO)
)
(/usr/local/texlive/2016/texmf-dist/tex/generic/oberdiek/ltxcmds.sty
Package: ltxcmds 2016/05/16 v1.23 LaTeX kernel commands for general use (HO)
)
\Gread@gobject=\count87
))
\Gin@req@height=\dimen103
\Gin@req@width=\dimen104
)
(/usr/local/texlive/2016/texmf-dist/tex/latex/listings/listings.sty
\lst@mode=\count88
\lst@gtempboxa=\box26
\lst@token=\toks15
\lst@length=\count89
\lst@currlwidth=\dimen105
\lst@column=\count90
\lst@pos=\count91
\lst@lostspace=\dimen106
\lst@width=\dimen107
\lst@newlines=\count92
\lst@lineno=\count93
\lst@maxwidth=\dimen108

(/usr/local/texlive/2016/texmf-dist/tex/latex/listings/lstmisc.sty
File: lstmisc.sty 2015/06/04 1.6 (Carsten Heinz)
\c@lstnumber=\count94
\lst@skipnumbers=\count95
\lst@framebox=\box27
)
(/usr/local/texlive/2016/texmf-dist/tex/latex/listings/listings.cfg
File: listings.cfg 2015/06/04 1.6 listings configuration
))
Package: listings 2015/06/04 1.6 (Carsten Heinz)

(/usr/local/texlive/2016/texmf-dist/tex/latex/graphics/color.sty
Package: color 2016/05/09 v1.1c Standard LaTeX Color (DPC)

(/usr/local/texlive/2016/texmf-dist/tex/latex/graphics-cfg/color.cfg
File: color.cfg 2016/01/02 v1.6 sample color configuration
)
Package color Info: Driver file: pdftex.def on input line 144.
)

LaTeX Warning: Unused global option(s):
    [•].

(./report.aux)
\openout1 = `report.aux'.

LaTeX Font Info:    Checking defaults for OML/cmm/m/it on input line 36.
LaTeX Font Info:    ... okay on input line 36.
LaTeX Font Info:    Checking defaults for T1/cmr/m/n on input line 36.
LaTeX Font Info:    ... okay on input line 36.
LaTeX Font Info:    Checking defaults for OT1/cmr/m/n on input line 36.
LaTeX Font Info:    ... okay on input line 36.
LaTeX Font Info:    Checking defaults for OMS/cmsy/m/n on input line 36.
LaTeX Font Info:    ... okay on input line 36.
LaTeX Font Info:    Checking defaults for OMX/cmex/m/n on input line 36.
LaTeX Font Info:    ... okay on input line 36.
LaTeX Font Info:    Checking defaults for U/cmr/m/n on input line 36.
LaTeX Font Info:    ... okay on input line 36.

(/usr/local/texlive/2016/texmf-dist/tex/context/base/mkii/supp-pdf.mkii
[Loading MPS to PDF converter (version 2006.09.02).]
\scratchcounter=\count96
\scratchdimen=\dimen109
\scratchbox=\box28
\nofMPsegments=\count97
\nofMParguments=\count98
\everyMPshowfont=\toks16
\MPscratchCnt=\count99
\MPscratchDim=\dimen110
\MPnumerator=\count100
\makeMPintoPDFobject=\count101
\everyMPtoPDFconversion=\toks17
) (/usr/local/texlive/2016/texmf-dist/tex/generic/oberdiek/pdftexcmds.sty
Package: pdftexcmds 2016/05/10 v0.21 Utility functions of pdfTeX for LuaTeX (HO
)

(/usr/local/texlive/2016/texmf-dist/tex/generic/oberdiek/ifluatex.sty
Package: ifluatex 2016/05/16 v1.4 Provides the ifluatex switch (HO)
Package ifluatex Info: LuaTeX not detected.
)
(/usr/local/texlive/2016/texmf-dist/tex/generic/oberdiek/ifpdf.sty
Package: ifpdf 2016/05/14 v3.1 Provides the ifpdf switch
)
Package pdftexcmds Info: LuaTeX not detected.
Package pdftexcmds Info: \pdf@primitive is available.
Package pdftexcmds Info: \pdf@ifprimitive is available.
Package pdftexcmds Info: \pdfdraftmode found.
)
(/usr/local/texlive/2016/texmf-dist/tex/latex/oberdiek/epstopdf-base.sty
Package: epstopdf-base 2016/05/15 v2.6 Base part for package epstopdf

(/usr/local/texlive/2016/texmf-dist/tex/latex/oberdiek/grfext.sty
Package: grfext 2016/05/16 v1.2 Manage graphics extensions (HO)

(/usr/local/texlive/2016/texmf-dist/tex/generic/oberdiek/kvdefinekeys.sty
Package: kvdefinekeys 2016/05/16 v1.4 Define keys (HO)
))
(/usr/local/texlive/2016/texmf-dist/tex/latex/oberdiek/kvoptions.sty
Package: kvoptions 2016/05/16 v3.12 Key value format for package options (HO)

(/usr/local/texlive/2016/texmf-dist/tex/generic/oberdiek/kvsetkeys.sty
Package: kvsetkeys 2016/05/16 v1.17 Key value parser (HO)

(/usr/local/texlive/2016/texmf-dist/tex/generic/oberdiek/etexcmds.sty
Package: etexcmds 2016/05/16 v1.6 Avoid name clashes with e-TeX commands (HO)
Package etexcmds Info: Could not find \expanded.
(etexcmds)             That can mean that you are not using pdfTeX 1.50 or
(etexcmds)             that some package has redefined \expanded.
(etexcmds)             In the latter case, load this package earlier.
)))
Package grfext Info: Graphics extension search list:
(grfext)             [.png,.pdf,.jpg,.mps,.jpeg,.jbig2,.jb2,.PNG,.PDF,.JPG,.JPE
G,.JBIG2,.JB2,.eps]
(grfext)             \AppendGraphicsExtensions on input line 456.

(/usr/local/texlive/2016/texmf-dist/tex/latex/latexconfig/epstopdf-sys.cfg
File: epstopdf-sys.cfg 2010/07/13 v1.3 Configuration of (r)epstopdf for TeX Liv
e
))
\c@lstlisting=\count102
LaTeX Font Info:    External font `cmex10' loaded for size
(Font)              <12> on input line 37.
LaTeX Font Info:    External font `cmex10' loaded for size
(Font)              <8> on input line 37.
LaTeX Font Info:    External font `cmex10' loaded for size
(Font)              <6> on input line 37.

Underfull \hbox (badness 10000) in paragraph at lines 44--47

 []


Underfull \hbox (badness 10000) in paragraph at lines 44--47

 []

[1

{/usr/local/texlive/2016/texmf-var/fonts/map/pdftex/updmap/pdftex.map}]
</Users/jjniemeyer46/Desktop/Pics/EC_1c/prob1_graph.png, id=11, 602.25pt x 328.
22626pt>
File: /Users/jjniemeyer46/Desktop/Pics/EC_1c/prob1_graph.png Graphic file (type
 png)
 <use /Users/jjniemeyer46/Desktop/Pics/EC_1c/prob1_graph.png>
Package pdftex.def Info: /Users/jjniemeyer46/Desktop/Pics/EC_1c/prob1_graph.png
 used on input line 57.
(pdftex.def)             Requested size: 391.45786pt x 213.34453pt.

Overfull \hbox (46.45786pt too wide) in paragraph at lines 57--58
[] 
 []


</Users/jjniemeyer46/Desktop/Pics/EC_1c/prob1_results.png, id=13, 298.11375pt x
 683.55376pt>
File: /Users/jjniemeyer46/Desktop/Pics/EC_1c/prob1_results.png Graphic file (ty
pe png)
 <use /Users/jjniemeyer46/Desktop/Pics/EC_1c/prob1_results.png>
Package pdftex.def Info: /Users/jjniemeyer46/Desktop/Pics/EC_1c/prob1_results.p
ng used on input line 61.
(pdftex.def)             Requested size: 193.77164pt x 444.30469pt.

Underfull \hbox (badness 10000) in paragraph at lines 60--62

 []

[2 </Users/jjniemeyer46/Desktop/Pics/EC_1c/prob1_graph.png>]
</Users/jjniemeyer46/Desktop/Pics/EC_1c/prob1_best.png, id=18, 285.065pt x 526.
96875pt>
File: /Users/jjniemeyer46/Desktop/Pics/EC_1c/prob1_best.png Graphic file (type 
png)
 <use /Users/jjniemeyer46/Desktop/Pics/EC_1c/prob1_best.png>
Package pdftex.def Info: /Users/jjniemeyer46/Desktop/Pics/EC_1c/prob1_best.png 
used on input line 64.
(pdftex.def)             Requested size: 185.29005pt x 342.52562pt.

</Users/jjniemeyer46/Desktop/Pics/EC_1c/prob1_average.png, id=19, 285.065pt x 5
25.965pt>
File: /Users/jjniemeyer46/Desktop/Pics/EC_1c/prob1_average.png Graphic file (ty
pe png)
 <use /Users/jjniemeyer46/Desktop/Pics/EC_1c/prob1_average.png>
Package pdftex.def Info: /Users/jjniemeyer46/Desktop/Pics/EC_1c/prob1_average.p
ng used on input line 65.
(pdftex.def)             Requested size: 185.29005pt x 341.87318pt.

Overfull \hbox (27.80232pt too wide) in paragraph at lines 64--67
[] [] 
 []


Underfull \hbox (badness 10000) in paragraph at lines 64--67

 []

[3 </Users/jjniemeyer46/Desktop/Pics/EC_1c/prob1_results.png>] [4 </Users/jjnie
meyer46/Desktop/Pics/EC_1c/prob1_best.png> </Users/jjniemeyer46/Desktop/Pics/EC
_1c/prob1_average.png>]
LaTeX Font Info:    External font `cmex10' loaded for size
(Font)              <5> on input line 97.

</Users/jjniemeyer46/Desktop/Pics/EC_1c/prob2_graph.png, id=29, 603.25375pt x 3
29.23pt>
File: /Users/jjniemeyer46/Desktop/Pics/EC_1c/prob2_graph.png Graphic file (type
 png)
 <use /Users/jjniemeyer46/Desktop/Pics/EC_1c/prob2_graph.png>
Package pdftex.def Info: /Users/jjniemeyer46/Desktop/Pics/EC_1c/prob2_graph.png
 used on input line 109.
(pdftex.def)             Requested size: 392.11029pt x 213.99695pt.

Overfull \hbox (47.11029pt too wide) in paragraph at lines 109--110
[] 
 []

[5] [6 </Users/jjniemeyer46/Desktop/Pics/EC_1c/prob2_graph.png>]
</Users/jjniemeyer46/Desktop/Pics/EC_1c/prob2_results.png, id=40, 298.11375pt x
 682.55pt>
File: /Users/jjniemeyer46/Desktop/Pics/EC_1c/prob2_results.png Graphic file (ty
pe png)
 <use /Users/jjniemeyer46/Desktop/Pics/EC_1c/prob2_results.png>
Package pdftex.def Info: /Users/jjniemeyer46/Desktop/Pics/EC_1c/prob2_results.p
ng used on input line 114.
(pdftex.def)             Requested size: 193.77164pt x 443.65225pt.

Underfull \hbox (badness 10000) in paragraph at lines 113--115

 []


</Users/jjniemeyer46/Desktop/Pics/EC_1c/prob2_best.png, id=41, 282.05376pt x 52
5.965pt>
File: /Users/jjniemeyer46/Desktop/Pics/EC_1c/prob2_best.png Graphic file (type 
png)
 <use /Users/jjniemeyer46/Desktop/Pics/EC_1c/prob2_best.png>
Package pdftex.def Info: /Users/jjniemeyer46/Desktop/Pics/EC_1c/prob2_best.png 
used on input line 117.
(pdftex.def)             Requested size: 183.33276pt x 341.87318pt.

</Users/jjniemeyer46/Desktop/Pics/EC_1c/prob2_average.png, id=42, 281.05pt x 52
5.965pt>
File: /Users/jjniemeyer46/Desktop/Pics/EC_1c/prob2_average.png Graphic file (ty
pe png)
 <use /Users/jjniemeyer46/Desktop/Pics/EC_1c/prob2_average.png>
Package pdftex.def Info: /Users/jjniemeyer46/Desktop/Pics/EC_1c/prob2_average.p
ng used on input line 118.
(pdftex.def)             Requested size: 182.68033pt x 341.87318pt.

Overfull \hbox (23.2353pt too wide) in paragraph at lines 117--120
[] [] 
 []


Underfull \hbox (badness 10000) in paragraph at lines 117--120

 []

[7 </Users/jjniemeyer46/Desktop/Pics/EC_1c/prob2_results.png>] [8 </Users/jjnie
meyer46/Desktop/Pics/EC_1c/prob2_best.png> </Users/jjniemeyer46/Desktop/Pics/EC
_1c/prob2_average.png>]
</Users/jjniemeyer46/Desktop/Pics/EC_1c/prob3_graph.png, id=53, 602.25pt x 328.
22626pt>
File: /Users/jjniemeyer46/Desktop/Pics/EC_1c/prob3_graph.png Graphic file (type
 png)
 <use /Users/jjniemeyer46/Desktop/Pics/EC_1c/prob3_graph.png>
Package pdftex.def Info: /Users/jjniemeyer46/Desktop/Pics/EC_1c/prob3_graph.png
 used on input line 162.
(pdftex.def)             Requested size: 391.45786pt x 213.34453pt.

Overfull \hbox (46.45786pt too wide) in paragraph at lines 162--163
[] 
 []

[9] [10 </Users/jjniemeyer46/Desktop/Pics/EC_1c/prob3_graph.png>]
</Users/jjniemeyer46/Desktop/Pics/EC_1c/prob3_results.png, id=61, 298.11375pt x
 683.55376pt>
File: /Users/jjniemeyer46/Desktop/Pics/EC_1c/prob3_results.png Graphic file (ty
pe png)
 <use /Users/jjniemeyer46/Desktop/Pics/EC_1c/prob3_results.png>
Package pdftex.def Info: /Users/jjniemeyer46/Desktop/Pics/EC_1c/prob3_results.p
ng used on input line 167.
(pdftex.def)             Requested size: 193.77164pt x 444.30469pt.

Underfull \hbox (badness 10000) in paragraph at lines 166--168

 []


</Users/jjniemeyer46/Desktop/Pics/EC_1c/prob3_best.png, id=62, 282.05376pt x 52
6.96875pt>
File: /Users/jjniemeyer46/Desktop/Pics/EC_1c/prob3_best.png Graphic file (type 
png)
 <use /Users/jjniemeyer46/Desktop/Pics/EC_1c/prob3_best.png>
Package pdftex.def Info: /Users/jjniemeyer46/Desktop/Pics/EC_1c/prob3_best.png 
used on input line 170.
(pdftex.def)             Requested size: 183.33276pt x 342.52562pt.

</Users/jjniemeyer46/Desktop/Pics/EC_1c/prob3_average.png, id=63, 280.04625pt x
 526.96875pt>
File: /Users/jjniemeyer46/Desktop/Pics/EC_1c/prob3_average.png Graphic file (ty
pe png)
 <use /Users/jjniemeyer46/Desktop/Pics/EC_1c/prob3_average.png>
Package pdftex.def Info: /Users/jjniemeyer46/Desktop/Pics/EC_1c/prob3_average.p
ng used on input line 171.
(pdftex.def)             Requested size: 182.0279pt x 342.52562pt.

Overfull \hbox (22.58287pt too wide) in paragraph at lines 170--173
[] [] 
 []


Underfull \hbox (badness 10000) in paragraph at lines 170--173

 []

[11 </Users/jjniemeyer46/Desktop/Pics/EC_1c/prob3_results.png>] [12 </Users/jjn
iemeyer46/Desktop/Pics/EC_1c/prob3_best.png> </Users/jjniemeyer46/Desktop/Pics/
EC_1c/prob3_average.png>] [13] (./report.aux) ) 
Here is how much of TeX's memory you used:
 2785 strings out of 493014
 42856 string characters out of 6133351
 153092 words of memory out of 5000000
 6307 multiletter control sequences out of 15000+600000
 7895 words of font info for 28 fonts, out of 8000000 for 9000
 1141 hyphenation exceptions out of 8191
 38i,6n,32p,871b,940s stack positions out of 5000i,500n,10000p,200000b,80000s
</usr/local/texlive/2016/texmf-d
ist/fonts/type1/public/amsfonts/cm/cmbx10.pfb></usr/local/texlive/2016/texmf-di
st/fonts/type1/public/amsfonts/cm/cmbx12.pfb></usr/local/texlive/2016/texmf-dis
t/fonts/type1/public/amsfonts/cm/cmr10.pfb></usr/local/texlive/2016/texmf-dist/
fonts/type1/public/amsfonts/cm/cmr12.pfb></usr/local/texlive/2016/texmf-dist/fo
nts/type1/public/amsfonts/cm/cmr17.pfb></usr/local/texlive/2016/texmf-dist/font
s/type1/public/amsfonts/cm/cmr5.pfb></usr/local/texlive/2016/texmf-dist/fonts/t
ype1/public/amsfonts/cm/cmr8.pfb></usr/local/texlive/2016/texmf-dist/fonts/type
1/public/amsfonts/cm/cmsy8.pfb>
Output written on report.pdf (13 pages, 1149466 bytes).
PDF statistics:
 104 PDF objects out of 1000 (max. 8388607)
 56 compressed objects within 1 object stream
 0 named destinations out of 1000 (max. 500000)
 61 words of extra memory for PDF output out of 10000 (max. 10000000)

